21:07:40.402 [main] INFO  testCases.TC01_Registrationtest - clicked on account link
21:07:41.829 [main] INFO  testCases.TC01_Registrationtest - clicked on Registeration link
21:07:41.829 [main] INFO  testCases.TC01_Registrationtest - providing user detals..
21:07:43.415 [main] INFO  testCases.TC01_Registrationtest - Validationg expected essage ..
21:07:53.635 [main] ERROR testCases.TC01_Registrationtest - test failed
21:07:53.650 [main] DEBUG testCases.TC01_Registrationtest - Debug logs...
21:10:17.458 [main] INFO  testCases.TC01_Registrationtest - **** Starting TC01_Registrationtest ****
21:10:17.658 [main] INFO  testCases.TC01_Registrationtest - clicked on account link
21:10:18.703 [main] INFO  testCases.TC01_Registrationtest - clicked on Registeration link
21:10:18.705 [main] INFO  testCases.TC01_Registrationtest - providing user detals..
21:10:19.671 [main] INFO  testCases.TC01_Registrationtest - Validationg expected essage ..
21:10:29.752 [main] ERROR testCases.TC01_Registrationtest - test failed
21:10:29.752 [main] DEBUG testCases.TC01_Registrationtest - Debug logs...
21:10:34.885 [main] INFO  testCases.TC02_Logintest - ****Login test Start...****
21:12:38.731 [main] INFO  testCases.TC01_Registrationtest - **** Starting TC01_Registrationtest ****
21:12:38.914 [main] INFO  testCases.TC01_Registrationtest - clicked on account link
21:12:39.790 [main] INFO  testCases.TC01_Registrationtest - clicked on Registeration link
21:12:39.795 [main] INFO  testCases.TC01_Registrationtest - providing user detals..
21:12:44.013 [main] INFO  testCases.TC01_Registrationtest - Validationg expected essage ..
21:12:44.451 [main] INFO  testCases.TC01_Registrationtest - **** Finished TC01_Registrationtest ****
21:13:01.102 [main] INFO  testCases.TC02_Logintest - ****Login test Start...****
21:14:41.372 [main] INFO  testCases.TC01_Registrationtest - **** Starting TC01_Registrationtest ****
21:14:41.566 [main] INFO  testCases.TC01_Registrationtest - clicked on account link
21:14:42.090 [main] INFO  testCases.TC01_Registrationtest - clicked on Registeration link
21:14:42.093 [main] INFO  testCases.TC01_Registrationtest - providing user detals..
21:14:44.478 [main] INFO  testCases.TC01_Registrationtest - Validationg expected essage ..
21:14:44.528 [main] INFO  testCases.TC01_Registrationtest - **** Finished TC01_Registrationtest ****
21:14:51.136 [main] INFO  testCases.TC02_Logintest - ****Login test Start...****
12:02:09.606 [main] INFO  testCases.TC01_Registrationtest - **** Starting TC01_Registrationtest ****
12:02:09.816 [main] INFO  testCases.TC01_Registrationtest - clicked on account link
12:02:10.546 [main] INFO  testCases.TC01_Registrationtest - clicked on Registeration link
12:02:10.554 [main] INFO  testCases.TC01_Registrationtest - providing user detals..
12:02:13.599 [main] INFO  testCases.TC01_Registrationtest - Validationg expected essage ..
12:02:13.903 [main] INFO  testCases.TC01_Registrationtest - **** Finished TC01_Registrationtest ****
21:06:28.840 [main] INFO  testCases.TC01_Registrationtest - **** Starting TC01_Registrationtest ****
21:06:29.077 [main] INFO  testCases.TC01_Registrationtest - clicked on account link
21:06:29.984 [main] INFO  testCases.TC01_Registrationtest - clicked on Registeration link
21:06:30.016 [main] INFO  testCases.TC01_Registrationtest - providing user detals..
21:06:33.685 [main] INFO  testCases.TC01_Registrationtest - Validationg expected essage ..
21:06:33.742 [main] INFO  testCases.TC01_Registrationtest - **** Finished TC01_Registrationtest ****
21:06:43.415 [main] INFO  testCases.TC02_Logintest - ****Login test Start...****
21:11:19.725 [main] INFO  testCases.TC01_Registrationtest - **** Starting TC01_Registrationtest ****
21:11:19.869 [main] INFO  testCases.TC01_Registrationtest - clicked on account link
21:11:22.941 [main] INFO  testCases.TC01_Registrationtest - clicked on Registeration link
21:11:22.945 [main] INFO  testCases.TC01_Registrationtest - providing user detals..
21:11:34.406 [main] INFO  testCases.TC01_Registrationtest - Validationg expected essage ..
21:11:34.751 [main] INFO  testCases.TC01_Registrationtest - **** Finished TC01_Registrationtest ****
21:11:39.978 [main] INFO  testCases.TC02_Logintest - ****Login test Start...****
10:44:37.315 [main] INFO  testCases.TC01_Registrationtest - **** Starting TC01_Registrationtest ****
10:44:37.487 [main] INFO  testCases.TC01_Registrationtest - clicked on account link
10:44:38.039 [main] INFO  testCases.TC01_Registrationtest - clicked on Registeration link
10:44:38.061 [main] INFO  testCases.TC01_Registrationtest - providing user detals..
10:44:40.226 [main] INFO  testCases.TC01_Registrationtest - Validationg expected essage ..
10:44:40.283 [main] INFO  testCases.TC01_Registrationtest - **** Finished TC01_Registrationtest ****
10:44:43.430 [main] INFO  testCases.TC02_Logintest - ****Login test Start...****
10:45:32.590 [main] INFO  testCases.TC01_Registrationtest - **** Starting TC01_Registrationtest ****
