11:23:17.571 [main] INFO  testCases.TC01_Registrationtest - **** Starting TC01_Registrationtest ****
11:23:17.829 [main] INFO  testCases.TC01_Registrationtest - clicked on account link
11:23:18.659 [main] INFO  testCases.TC01_Registrationtest - clicked on Registeration link
11:23:18.720 [main] INFO  testCases.TC01_Registrationtest - providing user detals..
11:23:22.222 [main] INFO  testCases.TC01_Registrationtest - Validationg expected essage ..
11:23:22.319 [main] INFO  testCases.TC01_Registrationtest - **** Finished TC01_Registrationtest ****
11:28:35.212 [main] INFO  testCases.TC01_Registrationtest - **** Starting TC01_Registrationtest ****
11:28:35.396 [main] INFO  testCases.TC01_Registrationtest - clicked on account link
11:28:35.941 [main] INFO  testCases.TC01_Registrationtest - clicked on Registeration link
11:28:35.969 [main] INFO  testCases.TC01_Registrationtest - providing user detals..
11:28:38.046 [main] INFO  testCases.TC01_Registrationtest - Validationg expected essage ..
11:28:38.091 [main] INFO  testCases.TC01_Registrationtest - **** Finished TC01_Registrationtest ****
11:30:48.537 [main] INFO  testCases.TC01_Registrationtest - **** Starting TC01_Registrationtest ****
11:30:48.925 [main] INFO  testCases.TC01_Registrationtest - clicked on account link
11:30:49.969 [main] INFO  testCases.TC01_Registrationtest - clicked on Registeration link
11:30:49.979 [main] INFO  testCases.TC01_Registrationtest - providing user detals..
11:30:51.897 [main] INFO  testCases.TC01_Registrationtest - Validationg expected essage ..
11:30:51.945 [main] INFO  testCases.TC01_Registrationtest - **** Finished TC01_Registrationtest ****
17:58:19.182 [main] INFO  testCases.TC01_Registrationtest - **** Starting TC01_Registrationtest ****
17:58:19.380 [main] INFO  testCases.TC01_Registrationtest - clicked on account link
17:58:20.867 [main] INFO  testCases.TC01_Registrationtest - clicked on Registeration link
17:58:20.898 [main] INFO  testCases.TC01_Registrationtest - providing user detals..
17:58:22.843 [main] INFO  testCases.TC01_Registrationtest - Validationg expected essage ..
17:58:22.884 [main] INFO  testCases.TC01_Registrationtest - **** Finished TC01_Registrationtest ****
18:08:45.090 [main] INFO  testCases.TC01_Registrationtest - **** Starting TC01_Registrationtest ****
18:08:45.208 [main] INFO  testCases.TC01_Registrationtest - clicked on account link
18:08:45.799 [main] INFO  testCases.TC01_Registrationtest - clicked on Registeration link
18:08:45.803 [main] INFO  testCases.TC01_Registrationtest - providing user detals..
18:08:47.367 [main] INFO  testCases.TC01_Registrationtest - Validationg expected essage ..
18:08:47.409 [main] INFO  testCases.TC01_Registrationtest - **** Finished TC01_Registrationtest ****
18:20:45.620 [main] INFO  testCases.TC01_Registrationtest - **** Starting TC01_Registrationtest ****
18:20:45.810 [main] INFO  testCases.TC01_Registrationtest - clicked on account link
18:20:46.728 [main] INFO  testCases.TC01_Registrationtest - clicked on Registeration link
18:20:46.737 [main] INFO  testCases.TC01_Registrationtest - providing user detals..
18:20:48.586 [main] INFO  testCases.TC01_Registrationtest - Validationg expected essage ..
18:20:48.620 [main] INFO  testCases.TC01_Registrationtest - **** Finished TC01_Registrationtest ****
18:49:08.711 [main] INFO  testCases.TC01_Registrationtest - **** Starting TC01_Registrationtest ****
18:49:08.841 [main] INFO  testCases.TC01_Registrationtest - clicked on account link
18:49:10.459 [main] INFO  testCases.TC01_Registrationtest - clicked on Registeration link
18:49:10.467 [main] INFO  testCases.TC01_Registrationtest - providing user detals..
18:49:12.615 [main] INFO  testCases.TC01_Registrationtest - Validationg expected essage ..
18:49:12.646 [main] INFO  testCases.TC01_Registrationtest - **** Finished TC01_Registrationtest ****
18:53:49.830 [main] INFO  testCases.TC01_Registrationtest - **** Starting TC01_Registrationtest ****
18:53:49.938 [main] INFO  testCases.TC01_Registrationtest - clicked on account link
18:53:51.098 [main] INFO  testCases.TC01_Registrationtest - clicked on Registeration link
18:53:51.100 [main] INFO  testCases.TC01_Registrationtest - providing user detals..
18:53:53.796 [main] INFO  testCases.TC01_Registrationtest - Validationg expected essage ..
18:53:53.845 [main] INFO  testCases.TC01_Registrationtest - **** Finished TC01_Registrationtest ****
18:55:15.768 [TestNG-tests-1] INFO  testCases.TC01_Registrationtest - **** Starting TC01_Registrationtest ****
18:55:15.920 [TestNG-tests-1] INFO  testCases.TC01_Registrationtest - clicked on account link
18:55:16.884 [TestNG-tests-3] INFO  testCases.TC01_Registrationtest - **** Starting TC01_Registrationtest ****
18:55:17.100 [TestNG-tests-3] INFO  testCases.TC01_Registrationtest - clicked on account link
18:55:17.872 [TestNG-tests-1] INFO  testCases.TC01_Registrationtest - clicked on Registeration link
18:55:17.898 [TestNG-tests-1] INFO  testCases.TC01_Registrationtest - providing user detals..
